[2024-10-12 11:14:20.858 +00:00] [INF] [4] Main: Jellyfin version: "10.9.11"
[2024-10-12 11:14:20.937 +00:00] [INF] [4] Main: Environment Variables: ["[JELLYFIN_LOG_DIR, /config/log]", "[JELLYFIN_WEB_DIR, /usr/share/jellyfin/web]", "[JELLYFIN_CONFIG_DIR, /config]", "[JELLYFIN_CACHE_DIR, /config/cache]", "[JELLYFIN_DATA_DIR, /config/data]"]
[2024-10-12 11:14:20.946 +00:00] [INF] [4] Main: Arguments: ["/usr/lib/jellyfin/bin/jellyfin.dll", "--ffmpeg=/usr/lib/jellyfin-ffmpeg/ffmpeg"]
[2024-10-12 11:14:20.956 +00:00] [INF] [4] Main: Operating system: "Ubuntu 22.04.5 LTS"
[2024-10-12 11:14:20.957 +00:00] [INF] [4] Main: Architecture: Arm64
[2024-10-12 11:14:20.959 +00:00] [INF] [4] Main: 64-Bit Process: True
[2024-10-12 11:14:20.959 +00:00] [INF] [4] Main: User Interactive: True
[2024-10-12 11:14:20.960 +00:00] [INF] [4] Main: Processor count: 4
[2024-10-12 11:14:20.960 +00:00] [INF] [4] Main: Program data path: "/config/data"
[2024-10-12 11:14:20.960 +00:00] [INF] [4] Main: Log directory path: "/config/log"
[2024-10-12 11:14:20.960 +00:00] [INF] [4] Main: Config directory path: "/config"
[2024-10-12 11:14:20.961 +00:00] [INF] [4] Main: Cache path: "/config/cache"
[2024-10-12 11:14:20.961 +00:00] [INF] [4] Main: Web resources path: "/usr/share/jellyfin/web"
[2024-10-12 11:14:20.962 +00:00] [INF] [4] Main: Application directory: "/usr/lib/jellyfin/bin/"
[2024-10-12 11:14:21.012 +00:00] [INF] [4] Jellyfin.Server.Migrations.MigrationRunner: Marking following migrations as applied because this is a fresh install: ["CreateNetworkConfiguration", "MigrateMusicBrainzTimeout", "MigrateNetworkConfiguration"]
[2024-10-12 11:14:21.318 +00:00] [INF] [4] Emby.Server.Implementations.AppBase.BaseConfigurationManager: Setting cache path: "/config/cache"
[2024-10-12 11:14:21.414 +00:00] [INF] [4] Emby.Server.Implementations.ApplicationHost: Loading assemblies
[2024-10-12 11:14:21.607 +00:00] [INF] [4] Jellyfin.Networking.Manager.NetworkManager: Defined LAN subnets: ["127.0.0.1/8", "10.0.0.0/8", "172.16.0.0/12", "192.168.0.0/16"]
[2024-10-12 11:14:21.608 +00:00] [INF] [4] Jellyfin.Networking.Manager.NetworkManager: Defined LAN exclusions: []
[2024-10-12 11:14:21.610 +00:00] [INF] [4] Jellyfin.Networking.Manager.NetworkManager: Used LAN subnets: ["127.0.0.1/8", "10.0.0.0/8", "172.16.0.0/12", "192.168.0.0/16"]
[2024-10-12 11:14:21.614 +00:00] [INF] [4] Jellyfin.Networking.Manager.NetworkManager: Filtered interface addresses: ["127.0.0.1", "172.19.0.2"]
[2024-10-12 11:14:21.616 +00:00] [INF] [4] Jellyfin.Networking.Manager.NetworkManager: Bind Addresses ["0.0.0.0"]
[2024-10-12 11:14:21.617 +00:00] [INF] [4] Jellyfin.Networking.Manager.NetworkManager: Remote IP filter is "Allowlist"
[2024-10-12 11:14:21.617 +00:00] [INF] [4] Jellyfin.Networking.Manager.NetworkManager: Filtered subnets: []
[2024-10-12 11:14:25.184 +00:00] [INF] [4] Emby.Server.Implementations.ApplicationHost: There are pending EFCore migrations in the database. Applying... (This may take a while, do not stop Jellyfin)
[2024-10-12 11:14:26.364 +00:00] [WRN] [4] Microsoft.EntityFrameworkCore.Migrations: An operation of type '"SqlOperation"' will be attempted while a rebuild of table '"ImageInfos"' is pending. The database may not be in an expected state. Review the SQL generated by this migration to help diagnose any failures. Consider moving these operations to a subsequent migration.
[2024-10-12 11:14:26.364 +00:00] [WRN] [4] Microsoft.EntityFrameworkCore.Migrations: An operation of type '"SqlOperation"' will be attempted while a rebuild of table '"ImageInfos"' is pending. The database may not be in an expected state. Review the SQL generated by this migration to help diagnose any failures. Consider moving these operations to a subsequent migration.
[2024-10-12 11:14:26.371 +00:00] [WRN] [4] Microsoft.EntityFrameworkCore.Migrations: An operation of type '"SqlOperation"' will be attempted while a rebuild of table '"Permissions"' is pending. The database may not be in an expected state. Review the SQL generated by this migration to help diagnose any failures. Consider moving these operations to a subsequent migration.
[2024-10-12 11:14:26.371 +00:00] [WRN] [4] Microsoft.EntityFrameworkCore.Migrations: An operation of type '"SqlOperation"' will be attempted while a rebuild of table '"Permissions"' is pending. The database may not be in an expected state. Review the SQL generated by this migration to help diagnose any failures. Consider moving these operations to a subsequent migration.
[2024-10-12 11:14:26.376 +00:00] [WRN] [4] Microsoft.EntityFrameworkCore.Migrations: An operation of type '"SqlOperation"' will be attempted while a rebuild of table '"Preferences"' is pending. The database may not be in an expected state. Review the SQL generated by this migration to help diagnose any failures. Consider moving these operations to a subsequent migration.
[2024-10-12 11:14:26.376 +00:00] [WRN] [4] Microsoft.EntityFrameworkCore.Migrations: An operation of type '"SqlOperation"' will be attempted while a rebuild of table '"Preferences"' is pending. The database may not be in an expected state. Review the SQL generated by this migration to help diagnose any failures. Consider moving these operations to a subsequent migration.
[2024-10-12 11:14:26.380 +00:00] [WRN] [4] Microsoft.EntityFrameworkCore.Migrations: An operation of type '"SqlOperation"' will be attempted while a rebuild of table '"Users"' is pending. The database may not be in an expected state. Review the SQL generated by this migration to help diagnose any failures. Consider moving these operations to a subsequent migration.
[2024-10-12 11:14:26.381 +00:00] [WRN] [4] Microsoft.EntityFrameworkCore.Migrations: An operation of type '"SqlOperation"' will be attempted while a rebuild of table '"Users"' is pending. The database may not be in an expected state. Review the SQL generated by this migration to help diagnose any failures. Consider moving these operations to a subsequent migration.
[2024-10-12 11:14:27.048 +00:00] [INF] [4] Emby.Server.Implementations.ApplicationHost: EFCore migrations applied successfully
[2024-10-12 11:14:28.812 +00:00] [INF] [4] Emby.Server.Implementations.AppBase.BaseConfigurationManager: Saving system configuration
[2024-10-12 11:14:28.816 +00:00] [INF] [4] Emby.Server.Implementations.AppBase.BaseConfigurationManager: Setting cache path: "/config/cache"
[2024-10-12 11:14:28.834 +00:00] [INF] [4] Emby.Server.Implementations.Plugins.PluginManager: Loaded plugin: "TMDb" "10.9.11.0"
[2024-10-12 11:14:28.838 +00:00] [INF] [4] Emby.Server.Implementations.Plugins.PluginManager: Loaded plugin: "Studio Images" "10.9.11.0"
[2024-10-12 11:14:28.840 +00:00] [INF] [4] Emby.Server.Implementations.Plugins.PluginManager: Loaded plugin: "OMDb" "10.9.11.0"
[2024-10-12 11:14:28.885 +00:00] [INF] [4] Emby.Server.Implementations.Plugins.PluginManager: Loaded plugin: "MusicBrainz" "10.9.11.0"
[2024-10-12 11:14:28.886 +00:00] [INF] [4] Emby.Server.Implementations.Plugins.PluginManager: Loaded plugin: "AudioDB" "10.9.11.0"
[2024-10-12 11:14:29.069 +00:00] [INF] [4] Jellyfin.Server.Migrations.MigrationRunner: Marking following migrations as applied because this is a fresh install: ["DisableTranscodingThrottling", "CreateLoggingConfigHeirarchy", "MigrateActivityLogDatabase", "RemoveDuplicateExtras", "MigrateUserDatabase", "MigrateDisplayPreferencesDatabase", "RemoveDownloadImagesInAdvance", "MigrateAuthenticationDatabase", "FixPlaylistOwner", "MigrateRatingLevels", "FixAudioData"]
[2024-10-12 11:14:29.083 +00:00] [INF] [4] Jellyfin.Server.Migrations.MigrationRunner: Applying migration '"AddDefaultPluginRepository"'
[2024-10-12 11:14:29.084 +00:00] [INF] [4] Emby.Server.Implementations.AppBase.BaseConfigurationManager: Saving system configuration
[2024-10-12 11:14:29.086 +00:00] [INF] [4] Emby.Server.Implementations.AppBase.BaseConfigurationManager: Setting cache path: "/config/cache"
[2024-10-12 11:14:29.087 +00:00] [INF] [4] Jellyfin.Server.Migrations.MigrationRunner: Migration '"AddDefaultPluginRepository"' applied successfully
[2024-10-12 11:14:29.088 +00:00] [INF] [4] Jellyfin.Server.Migrations.MigrationRunner: Applying migration '"ReaddDefaultPluginRepository"'
[2024-10-12 11:14:29.089 +00:00] [INF] [4] Jellyfin.Server.Migrations.MigrationRunner: Migration '"ReaddDefaultPluginRepository"' applied successfully
[2024-10-12 11:14:29.091 +00:00] [INF] [4] Jellyfin.Server.Migrations.MigrationRunner: Applying migration '"AddDefaultCastReceivers"'
[2024-10-12 11:14:29.092 +00:00] [INF] [4] Emby.Server.Implementations.AppBase.BaseConfigurationManager: Saving system configuration
[2024-10-12 11:14:29.094 +00:00] [INF] [4] Emby.Server.Implementations.AppBase.BaseConfigurationManager: Setting cache path: "/config/cache"
[2024-10-12 11:14:29.095 +00:00] [INF] [4] Jellyfin.Server.Migrations.MigrationRunner: Migration '"AddDefaultCastReceivers"' applied successfully
[2024-10-12 11:14:29.096 +00:00] [INF] [4] Jellyfin.Server.Migrations.MigrationRunner: Applying migration '"UpdateDefaultPluginRepository10.9"'
[2024-10-12 11:14:29.097 +00:00] [INF] [4] Emby.Server.Implementations.AppBase.BaseConfigurationManager: Saving system configuration
[2024-10-12 11:14:29.099 +00:00] [INF] [4] Emby.Server.Implementations.AppBase.BaseConfigurationManager: Setting cache path: "/config/cache"
[2024-10-12 11:14:29.099 +00:00] [INF] [4] Jellyfin.Server.Migrations.MigrationRunner: Migration '"UpdateDefaultPluginRepository10.9"' applied successfully
[2024-10-12 11:14:29.131 +00:00] [WRN] [4] Microsoft.AspNetCore.DataProtection.Repositories.EphemeralXmlRepository: Using an in-memory repository. Keys will not be persisted to storage.
[2024-10-12 11:14:29.132 +00:00] [WRN] [4] Microsoft.AspNetCore.DataProtection.KeyManagement.XmlKeyManager: Neither user profile nor HKLM registry available. Using an ephemeral key repository. Protected data will be unavailable when application exits.
[2024-10-12 11:14:29.241 +00:00] [INF] [4] Main: Kestrel is listening on "0.0.0.0"
[2024-10-12 11:14:29.310 +00:00] [WRN] [4] Microsoft.AspNetCore.DataProtection.KeyManagement.XmlKeyManager: No XML encryptor configured. Key {89591dc0-f3ac-4771-9c67-209bfbf2ccf6} may be persisted to storage in unencrypted form.
[2024-10-12 11:14:31.656 +00:00] [WRN] [4] Microsoft.AspNetCore.StaticFiles.StaticFileMiddleware: The WebRootPath was not found: "/run/s6-rc:s6-rc-init:nafind/servicedirs/service-jellyfin/wwwroot". Static files may be unavailable.
[2024-10-12 11:14:31.903 +00:00] [INF] [4] Emby.Server.Implementations.ApplicationHost: Running startup tasks
[2024-10-12 11:14:32.001 +00:00] [INF] [4] Emby.Server.Implementations.ScheduledTasks.TaskManager: Daily trigger for "Generate Trickplay Images" set to fire at 2024-10-13 03:00:00.000 +00:00, which is 15:45:27.9986422 from now.
[2024-10-12 11:14:32.012 +00:00] [INF] [4] Emby.Server.Implementations.ScheduledTasks.TaskManager: Daily trigger for "Extract Chapter Images" set to fire at 2024-10-13 02:00:00.000 +00:00, which is 14:45:27.9873294 from now.
[2024-10-12 11:14:32.110 +00:00] [INF] [4] MediaBrowser.MediaEncoding.Encoder.MediaEncoder: Found ffmpeg version "6.0.1"
[2024-10-12 11:14:32.251 +00:00] [INF] [4] MediaBrowser.MediaEncoding.Encoder.MediaEncoder: Available "decoders": ["libdav1d", "av1", "av1_rkmpp", "h264", "h264_rkmpp", "hevc", "hevc_rkmpp", "mpeg1_rkmpp", "mpeg2video", "mpeg2_rkmpp", "mpeg4", "mpeg4_rkmpp", "msmpeg4", "vp8", "vp8_rkmpp", "libvpx", "vp9", "vp9_rkmpp", "libvpx-vp9", "aac", "ac3", "dca", "flac", "mp3", "truehd"]
[2024-10-12 11:14:32.304 +00:00] [INF] [4] MediaBrowser.MediaEncoding.Encoder.MediaEncoder: Available "encoders": ["libsvtav1", "libx264", "h264_v4l2m2m", "h264_rkmpp", "libx265", "hevc_rkmpp", "mpeg4", "msmpeg4", "libvpx", "libvpx-vp9", "aac", "libfdk_aac", "ac3", "alac", "dca", "flac", "libmp3lame", "libopus", "truehd", "libvorbis", "srt"]
[2024-10-12 11:14:32.356 +00:00] [INF] [4] MediaBrowser.MediaEncoding.Encoder.MediaEncoder: Available filters: ["overlay_opencl", "overlay_rkrga", "scale_opencl", "scale_rkrga", "tonemap_opencl", "vpp_rkrga", "zscale", "alphasrc"]
[2024-10-12 11:14:32.398 +00:00] [WRN] [4] MediaBrowser.MediaEncoding.Encoder.MediaEncoder: Filter: "scale_cuda" with option "Output format (default \"same\")" is not available
[2024-10-12 11:14:32.437 +00:00] [WRN] [4] MediaBrowser.MediaEncoding.Encoder.MediaEncoder: Filter: "tonemap_cuda" with option "GPU accelerated HDR to SDR tonemapping" is not available
[2024-10-12 11:14:32.575 +00:00] [WRN] [4] MediaBrowser.MediaEncoding.Encoder.MediaEncoder: Filter: "overlay_vaapi" with option "Action to take when encountering EOF from secondary input" is not available
[2024-10-12 11:14:32.622 +00:00] [WRN] [4] MediaBrowser.MediaEncoding.Encoder.MediaEncoder: Filter: "overlay_vulkan" with option "Action to take when encountering EOF from secondary input" is not available
[2024-10-12 11:14:32.663 +00:00] [INF] [4] MediaBrowser.MediaEncoding.Encoder.MediaEncoder: Available hwaccel types: ["drm", "opencl", "rkmpp"]
[2024-10-12 11:14:33.343 +00:00] [INF] [4] MediaBrowser.MediaEncoding.Encoder.MediaEncoder: FFmpeg: "/usr/lib/jellyfin-ffmpeg/ffmpeg"
[2024-10-12 11:14:33.354 +00:00] [INF] [4] Emby.Server.Implementations.ApplicationHost: ServerId: "fc62a21e7f70454684f85af98d3b33f8"
[2024-10-12 11:14:33.354 +00:00] [INF] [4] Emby.Server.Implementations.ApplicationHost: Core startup complete
[2024-10-12 11:14:33.355 +00:00] [INF] [4] Main: Startup complete 0:00:13.0743218
[2024-10-12 11:14:35.084 +00:00] [INF] [12] Emby.Server.Implementations.ScheduledTasks.TaskManager: "Clean up collections and playlists" Completed after 0 minute(s) and 0 seconds
[2024-10-12 11:14:37.211 +00:00] [INF] [12] Emby.Server.Implementations.ScheduledTasks.TaskManager: "Update Plugins" Completed after 0 minute(s) and 2 seconds
[2024-10-12 11:15:07.039 +00:00] [INF] [16] Emby.Server.Implementations.AppBase.BaseConfigurationManager: Saving system configuration
[2024-10-12 11:15:07.047 +00:00] [INF] [16] Emby.Server.Implementations.AppBase.BaseConfigurationManager: Setting cache path: "/config/cache"
[2024-10-12 11:15:07.050 +00:00] [INF] [20] Jellyfin.Networking.PortForwardingHost: Stopping NAT discovery
[2024-10-12 11:15:07.118 +00:00] [WRN] [18] Jellyfin.Server.Implementations.Users.UserManager: No users, creating one with username "hotio"
[2024-10-12 11:16:46.990 +00:00] [ERR] [3] Jellyfin.Api.Middleware.ExceptionMiddleware: Error processing request: "Could not find a part of the path '/run/s6-rc:s6-rc-init:nafind/servicedirs/service-jellyfin/C8HzPXSMq'". URL "GET" "/Environment/DirectoryContents".
[2024-10-12 11:16:52.030 +00:00] [ERR] [3] Jellyfin.Api.Middleware.ExceptionMiddleware: Error processing request: "Could not find a part of the path '/shared'". URL "GET" "/Environment/DirectoryContents".
[2024-10-12 11:16:55.459 +00:00] [ERR] [25] Jellyfin.Api.Middleware.ExceptionMiddleware: Error processing request: "Could not find a part of the path '/shared/data'". URL "GET" "/Environment/DirectoryContents".
[2024-10-12 11:17:00.280 +00:00] [ERR] [22] Jellyfin.Api.Middleware.ExceptionMiddleware: Error processing request: "Could not find a part of the path '/shared/data/movies'". URL "GET" "/Environment/DirectoryContents".
[2024-10-12 11:17:00.352 +00:00] [ERR] [28] Jellyfin.Api.Middleware.ExceptionMiddleware: Error processing request: "Could not find a part of the path '/shared/data/movies'". URL "GET" "/Environment/DirectoryContents".
[2024-10-12 11:19:57.516 +00:00] [INF] [24] Emby.Server.Implementations.AppBase.BaseConfigurationManager: Saving system configuration
[2024-10-12 11:19:57.520 +00:00] [INF] [24] Emby.Server.Implementations.AppBase.BaseConfigurationManager: Setting cache path: "/config/cache"
[2024-10-12 11:20:03.429 +00:00] [INF] [24] Jellyfin.Networking.Manager.NetworkManager: Defined LAN subnets: ["127.0.0.1/8", "10.0.0.0/8", "172.16.0.0/12", "192.168.0.0/16"]
[2024-10-12 11:20:03.430 +00:00] [INF] [24] Jellyfin.Networking.Manager.NetworkManager: Defined LAN exclusions: []
[2024-10-12 11:20:03.430 +00:00] [INF] [24] Jellyfin.Networking.Manager.NetworkManager: Used LAN subnets: ["127.0.0.1/8", "10.0.0.0/8", "172.16.0.0/12", "192.168.0.0/16"]
[2024-10-12 11:20:03.431 +00:00] [INF] [24] Jellyfin.Networking.Manager.NetworkManager: Filtered interface addresses: ["127.0.0.1", "172.19.0.2"]
[2024-10-12 11:20:03.431 +00:00] [INF] [24] Jellyfin.Networking.Manager.NetworkManager: Bind Addresses ["0.0.0.0"]
[2024-10-12 11:20:03.432 +00:00] [INF] [24] Jellyfin.Networking.Manager.NetworkManager: Remote IP filter is "Allowlist"
[2024-10-12 11:20:03.432 +00:00] [INF] [24] Jellyfin.Networking.Manager.NetworkManager: Filtered subnets: []
[2024-10-12 11:20:05.247 +00:00] [INF] [24] Emby.Server.Implementations.AppBase.BaseConfigurationManager: Saving system configuration
[2024-10-12 11:20:05.248 +00:00] [INF] [24] Emby.Server.Implementations.AppBase.BaseConfigurationManager: Setting cache path: "/config/cache"
[2024-10-12 11:20:05.262 +00:00] [INF] [29] Emby.Server.Implementations.Library.LibraryManager: Validating media library
[2024-10-12 11:20:06.034 +00:00] [WRN] [29] MediaBrowser.Controller.Entities.BaseItem: Library folder "/tvseries" is inaccessible or empty, skipping
[2024-10-12 11:20:06.036 +00:00] [WRN] [29] MediaBrowser.Controller.Entities.BaseItem: Library folder "/movies" is inaccessible or empty, skipping
[2024-10-12 11:20:06.043 +00:00] [WRN] [29] MediaBrowser.Controller.Entities.BaseItem: Library folder "/config/data/data/playlists" is inaccessible or empty, skipping
[2024-10-12 11:20:06.341 +00:00] [WRN] [29] MediaBrowser.Controller.Entities.BaseItem: Library folder "/tvseries" is inaccessible or empty, skipping
[2024-10-12 11:20:06.341 +00:00] [WRN] [29] MediaBrowser.Controller.Entities.BaseItem: Library folder "/movies" is inaccessible or empty, skipping
[2024-10-12 11:20:06.342 +00:00] [WRN] [29] MediaBrowser.Controller.Entities.BaseItem: Library folder "/config/data/data/playlists" is inaccessible or empty, skipping
[2024-10-12 11:20:06.409 +00:00] [INF] [29] Emby.Server.Implementations.ScheduledTasks.TaskManager: "Scan Media Library" Completed after 0 minute(s) and 1 seconds
[2024-10-12 11:20:12.165 +00:00] [INF] [29] Jellyfin.Server.Implementations.Users.UserManager: Authentication request for "vimmy" has succeeded.
[2024-10-12 11:20:12.167 +00:00] [INF] [29] Emby.Server.Implementations.Session.SessionManager: Current/Max sessions for user "vimmy": 0/0
[2024-10-12 11:20:12.179 +00:00] [INF] [29] Emby.Server.Implementations.Session.SessionManager: Creating new access token for user e23da6a5-ecf4-4907-ae12-b0c85f578c45
[2024-10-12 11:20:13.007 +00:00] [INF] [31] Emby.Server.Implementations.HttpServer.WebSocketManager: WS "192.168.0.35" request
[2024-10-12 11:21:52.973 +00:00] [INF] [27] Emby.Server.Implementations.HttpServer.WebSocketManager: WS "192.168.0.35" closed
[2024-10-12 12:14:32.759 +00:00] [INF] [130] Emby.Server.Implementations.ScheduledTasks.TaskManager: "Download missing subtitles" Completed after 0 minute(s) and 0 seconds
[2024-10-12 12:14:32.759 +00:00] [INF] [133] Emby.Server.Implementations.ScheduledTasks.TaskManager: "Clean Log Directory" Completed after 0 minute(s) and 0 seconds
[2024-10-12 12:14:32.759 +00:00] [INF] [129] Emby.Server.Implementations.ScheduledTasks.TaskManager: "Audio Normalization" Completed after 0 minute(s) and 0 seconds
[2024-10-12 12:14:33.257 +00:00] [INF] [131] Emby.Server.Implementations.ScheduledTasks.TaskManager: "Clean Cache Directory" Completed after 0 minute(s) and 0 seconds
[2024-10-12 12:14:33.266 +00:00] [INF] [133] Emby.Server.Implementations.ScheduledTasks.TaskManager: "Clean Transcode Directory" Completed after 0 minute(s) and 0 seconds
[2024-10-12 12:14:33.469 +00:00] [INF] [131] Emby.Server.Implementations.Library.LibraryManager: Validating media library
[2024-10-12 12:14:33.555 +00:00] [INF] [129] Emby.Server.Implementations.ScheduledTasks.Tasks.OptimizeDatabaseTask: Optimizing and vacuuming jellyfin.db...
[2024-10-12 12:14:33.826 +00:00] [INF] [130] Emby.Server.Implementations.Library.LibraryManager: People validation complete
[2024-10-12 12:14:33.827 +00:00] [INF] [130] Emby.Server.Implementations.ScheduledTasks.TaskManager: "Refresh People" Completed after 0 minute(s) and 0 seconds
[2024-10-12 12:14:34.107 +00:00] [INF] [130] Emby.Server.Implementations.ScheduledTasks.TaskManager: "TasksRefreshChannels" Completed after 0 minute(s) and 0 seconds
[2024-10-12 12:14:34.336 +00:00] [WRN] [131] MediaBrowser.Controller.Entities.BaseItem: Library folder "/tvseries" is inaccessible or empty, skipping
[2024-10-12 12:14:34.337 +00:00] [WRN] [131] MediaBrowser.Controller.Entities.BaseItem: Library folder "/movies" is inaccessible or empty, skipping
[2024-10-12 12:14:34.345 +00:00] [WRN] [131] MediaBrowser.Controller.Entities.BaseItem: Library folder "/config/data/data/playlists" is inaccessible or empty, skipping
[2024-10-12 12:14:34.425 +00:00] [WRN] [130] MediaBrowser.Controller.Entities.BaseItem: Library folder "/tvseries" is inaccessible or empty, skipping
[2024-10-12 12:14:34.426 +00:00] [WRN] [130] MediaBrowser.Controller.Entities.BaseItem: Library folder "/movies" is inaccessible or empty, skipping
[2024-10-12 12:14:34.427 +00:00] [WRN] [130] MediaBrowser.Controller.Entities.BaseItem: Library folder "/config/data/data/playlists" is inaccessible or empty, skipping
[2024-10-12 12:14:34.449 +00:00] [INF] [130] Emby.Server.Implementations.ScheduledTasks.TaskManager: "Scan Media Library" Completed after 0 minute(s) and 1 seconds
[2024-10-12 12:14:34.591 +00:00] [INF] [129] Emby.Server.Implementations.ScheduledTasks.Tasks.OptimizeDatabaseTask: jellyfin.db optimized successfully!
[2024-10-12 12:14:34.625 +00:00] [INF] [129] Emby.Server.Implementations.ScheduledTasks.TaskManager: "Optimize database" Completed after 0 minute(s) and 1 seconds
[2024-10-12 12:14:37.358 +00:00] [INF] [130] Jellyfin.LiveTv.Guide.GuideManager: Refreshing guide with 7 days of guide data
[2024-10-12 12:14:37.390 +00:00] [INF] [130] Emby.Server.Implementations.ScheduledTasks.TaskManager: "Refresh Guide" Completed after 0 minute(s) and 3 seconds
[2024-10-12 12:14:39.321 +00:00] [INF] [128] Emby.Server.Implementations.ScheduledTasks.TaskManager: "Update Plugins" Completed after 0 minute(s) and 5 seconds
[2024-10-12 12:20:55.634 +00:00] [INF] [20] Emby.Server.Implementations.HttpServer.WebSocketManager: WS "192.168.0.35" request
[2024-10-12 12:21:04.417 +00:00] [INF] [17] Emby.Server.Implementations.Library.LibraryManager: Validating media library
[2024-10-12 12:21:04.449 +00:00] [WRN] [17] MediaBrowser.Controller.Entities.BaseItem: Library folder "/tvseries" is inaccessible or empty, skipping
[2024-10-12 12:21:04.451 +00:00] [WRN] [17] MediaBrowser.Controller.Entities.BaseItem: Library folder "/config/data/data/playlists" is inaccessible or empty, skipping
[2024-10-12 12:21:04.540 +00:00] [WRN] [30] MediaBrowser.Controller.Entities.BaseItem: Library folder "/tvseries" is inaccessible or empty, skipping
[2024-10-12 12:21:04.542 +00:00] [WRN] [30] MediaBrowser.Controller.Entities.BaseItem: Library folder "/config/data/data/playlists" is inaccessible or empty, skipping
[2024-10-12 12:21:05.303 +00:00] [INF] [128] MediaBrowser.MediaEncoding.Encoder.MediaEncoder: Starting "/usr/lib/jellyfin-ffmpeg/ffprobe" with args "-analyzeduration 200M -probesize 1G -i file:\"/movies/Furiosa A Mad Max Saga (2024)/Furiosa A Mad Max Saga (2024) WEBRip-720p.mkv\" -threads 0 -v warning -print_format json -show_streams -show_chapters -show_format"
[2024-10-12 12:21:30.072 +00:00] [INF] [17] Jellyfin.Drawing.ImageProcessor: Creating image collage and saving to "/config/cache/temp/6eee71acfaf94d50ae97fcf70c1dcefd.png"
[2024-10-12 12:21:30.983 +00:00] [INF] [17] Jellyfin.Drawing.ImageProcessor: Completed creation of image collage and saved to "/config/cache/temp/6eee71acfaf94d50ae97fcf70c1dcefd.png"
[2024-10-12 12:21:31.048 +00:00] [INF] [129] Jellyfin.Drawing.ImageProcessor: Creating image collage and saving to "/config/cache/temp/60500d13d6674b6eb67eea7bd7b75732.png"
[2024-10-12 12:21:31.830 +00:00] [INF] [129] Jellyfin.Drawing.ImageProcessor: Completed creation of image collage and saved to "/config/cache/temp/60500d13d6674b6eb67eea7bd7b75732.png"
[2024-10-12 12:21:31.864 +00:00] [INF] [20] Jellyfin.Drawing.ImageProcessor: Creating image collage and saving to "/config/cache/temp/253730d7ac154b4aaf747339a49d9469.png"
[2024-10-12 12:21:32.610 +00:00] [INF] [20] Jellyfin.Drawing.ImageProcessor: Completed creation of image collage and saved to "/config/cache/temp/253730d7ac154b4aaf747339a49d9469.png"
[2024-10-12 12:21:35.945 +00:00] [INF] [25] Emby.Server.Implementations.ScheduledTasks.TaskManager: "Scan Media Library" Completed after 0 minute(s) and 31 seconds
[2024-10-12 12:21:36.030 +00:00] [INF] [20] Emby.Server.Implementations.IO.LibraryMonitor: Watching directory "/movies"
[2024-10-12 12:21:44.471 +00:00] [INF] [25] Jellyfin.Api.Helpers.MediaInfoHelper: User policy for "vimmy". EnablePlaybackRemuxing: True EnableVideoPlaybackTranscoding: True EnableAudioPlaybackTranscoding: True
[2024-10-12 12:21:47.899 +00:00] [INF] [17] Jellyfin.Api.Controllers.DynamicHlsController: Current HLS implementation doesn't support non-keyframe breaks but one is requested, ignoring that request
[2024-10-12 12:21:47.973 +00:00] [INF] [17] MediaBrowser.MediaEncoding.Transcoding.TranscodeManager: "/usr/lib/jellyfin-ffmpeg/ffmpeg" "-analyzeduration 200M -probesize 1G -fflags +genpts -f matroska  -i file:\"/movies/Furiosa A Mad Max Saga (2024)/Furiosa A Mad Max Saga (2024) WEBRip-720p.mkv\" -map_metadata -1 -map_chapters -1 -threads 0 -map 0:0 -map 0:1 -map -0:s -codec:v:0 copy -bsf:v h264_mp4toannexb -start_at_zero -codec:a:0 copy -copyts -avoid_negative_ts disabled -max_muxing_queue_size 2048 -f hls -max_delay 5000000 -hls_time 6 -hls_segment_type fmp4 -hls_fmp4_init_filename \"9ef53b07613154f8d072876a69afe192-1.mp4\" -start_number 0 -hls_segment_filename \"/config/cache/transcodes/9ef53b07613154f8d072876a69afe192%d.mp4\" -hls_playlist_type vod -hls_list_size 0 -y \"/config/cache/transcodes/9ef53b07613154f8d072876a69afe192.m3u8\""
[2024-10-12 12:21:50.249 +00:00] [INF] [30] MediaBrowser.MediaEncoding.Subtitles.SubtitleEncoder: "/usr/lib/jellyfin-ffmpeg/ffmpeg" "-i file:\"/movies/Furiosa A Mad Max Saga (2024)/Furiosa A Mad Max Saga (2024) WEBRip-720p.mkv\" -copyts -map 0:2 -an -vn -c:s copy \"/config/data/data/subtitles/6/620c79b4-1964-43d0-b9b4-0c27c51a7b68.srt\" -map 0:3 -an -vn -c:s copy \"/config/data/data/subtitles/4/4ef269b1-b03e-f80e-1297-923c714aba8c.srt\" -map 0:4 -an -vn -c:s copy \"/config/data/data/subtitles/0/011a2caa-0ca2-5858-0d77-fb51e0082934.srt\" -map 0:5 -an -vn -c:s copy \"/config/data/data/subtitles/1/1fb48546-fed1-0705-feaa-cb6c41c60377.srt\" -map 0:6 -an -vn -c:s copy \"/config/data/data/subtitles/f/fcc60aa3-049b-11df-6922-ebe14c223989.srt\" -map 0:7 -an -vn -c:s copy \"/config/data/data/subtitles/d/d7cf9179-5b18-14af-5c0f-63f5eb897144.srt\""
[2024-10-12 12:22:42.910 +00:00] [INF] [16] MediaBrowser.MediaEncoding.Subtitles.SubtitleEncoder: ffmpeg subtitle extraction completed for "file:\"/movies/Furiosa A Mad Max Saga (2024)/Furiosa A Mad Max Saga (2024) WEBRip-720p.mkv\"" to "/config/data/data/subtitles/6/620c79b4-1964-43d0-b9b4-0c27c51a7b68.srt"
[2024-10-12 12:22:42.910 +00:00] [INF] [16] MediaBrowser.MediaEncoding.Subtitles.SubtitleEncoder: ffmpeg subtitle extraction completed for "file:\"/movies/Furiosa A Mad Max Saga (2024)/Furiosa A Mad Max Saga (2024) WEBRip-720p.mkv\"" to "/config/data/data/subtitles/4/4ef269b1-b03e-f80e-1297-923c714aba8c.srt"
[2024-10-12 12:22:42.911 +00:00] [INF] [16] MediaBrowser.MediaEncoding.Subtitles.SubtitleEncoder: ffmpeg subtitle extraction completed for "file:\"/movies/Furiosa A Mad Max Saga (2024)/Furiosa A Mad Max Saga (2024) WEBRip-720p.mkv\"" to "/config/data/data/subtitles/0/011a2caa-0ca2-5858-0d77-fb51e0082934.srt"
[2024-10-12 12:22:42.911 +00:00] [INF] [16] MediaBrowser.MediaEncoding.Subtitles.SubtitleEncoder: ffmpeg subtitle extraction completed for "file:\"/movies/Furiosa A Mad Max Saga (2024)/Furiosa A Mad Max Saga (2024) WEBRip-720p.mkv\"" to "/config/data/data/subtitles/1/1fb48546-fed1-0705-feaa-cb6c41c60377.srt"
[2024-10-12 12:22:42.911 +00:00] [INF] [16] MediaBrowser.MediaEncoding.Subtitles.SubtitleEncoder: ffmpeg subtitle extraction completed for "file:\"/movies/Furiosa A Mad Max Saga (2024)/Furiosa A Mad Max Saga (2024) WEBRip-720p.mkv\"" to "/config/data/data/subtitles/f/fcc60aa3-049b-11df-6922-ebe14c223989.srt"
[2024-10-12 12:22:42.911 +00:00] [INF] [16] MediaBrowser.MediaEncoding.Subtitles.SubtitleEncoder: ffmpeg subtitle extraction completed for "file:\"/movies/Furiosa A Mad Max Saga (2024)/Furiosa A Mad Max Saga (2024) WEBRip-720p.mkv\"" to "/config/data/data/subtitles/d/d7cf9179-5b18-14af-5c0f-63f5eb897144.srt"
[2024-10-12 12:23:15.424 +00:00] [INF] [129] MediaBrowser.Controller.MediaEncoding.TranscodingJob: Stopping ffmpeg process with q command for "/config/cache/transcodes/9ef53b07613154f8d072876a69afe192.m3u8"
[2024-10-12 12:23:15.502 +00:00] [INF] [129] MediaBrowser.MediaEncoding.Transcoding.TranscodeManager: FFmpeg exited with code 0
[2024-10-12 12:23:15.507 +00:00] [INF] [129] MediaBrowser.MediaEncoding.Transcoding.TranscodeManager: Deleting partial stream file(s) "/config/cache/transcodes/9ef53b07613154f8d072876a69afe192.m3u8"
[2024-10-12 12:23:17.318 +00:00] [INF] [16] Emby.Server.Implementations.Session.SessionManager: Playback stopped reported by app "Jellyfin Web" "10.9.11" playing "Furiosa: A Mad Max Saga". Stopped at "83383" ms
[2024-10-12 12:45:13.089 +00:00] [INF] [69] Emby.Server.Implementations.HttpServer.WebSocketManager: WS "192.168.0.35" closed
[2024-10-12 12:45:15.034 +00:00] [INF] [73] Emby.Server.Implementations.HttpServer.WebSocketManager: WS "192.168.0.35" request
[2024-10-12 12:45:22.432 +00:00] [INF] [73] Emby.Server.Implementations.IO.LibraryMonitor: Stopping directory watching for path "/movies"
[2024-10-12 12:45:22.446 +00:00] [INF] [73] Emby.Server.Implementations.Library.LibraryManager: Validating media library
[2024-10-12 12:45:22.684 +00:00] [WRN] [69] MediaBrowser.Controller.Entities.BaseItem: Library folder "/config/data/data/playlists" is inaccessible or empty, skipping
[2024-10-12 12:45:22.744 +00:00] [INF] [75] Jellyfin.Drawing.ImageProcessor: Creating image collage and saving to "/config/cache/temp/944f6df59a6f44cb908a136697e588b1.png"
[2024-10-12 12:45:24.356 +00:00] [INF] [75] Jellyfin.Drawing.ImageProcessor: Completed creation of image collage and saved to "/config/cache/temp/944f6df59a6f44cb908a136697e588b1.png"
[2024-10-12 12:45:24.472 +00:00] [WRN] [76] MediaBrowser.Controller.Entities.BaseItem: Library folder "/config/data/data/playlists" is inaccessible or empty, skipping
[2024-10-12 12:45:35.862 +00:00] [INF] [71] MediaBrowser.Providers.TV.SeriesMetadataService: Creating Season "Season Unknown" entry for "FROM"
[2024-10-12 12:45:37.187 +00:00] [INF] [71] MediaBrowser.MediaEncoding.Encoder.MediaEncoder: Starting "/usr/lib/jellyfin-ffmpeg/ffprobe" with args "-analyzeduration 200M -probesize 1G -i file:\"/tvseries/From/Season 3/From - S03E01 - Shatter WEBDL-720p.mkv\" -threads 0 -v warning -print_format json -show_streams -show_chapters -show_format"
[2024-10-12 12:45:39.758 +00:00] [INF] [75] MediaBrowser.Providers.TV.SeriesMetadataService: Removing virtual season null in series "FROM"
[2024-10-12 12:45:39.766 +00:00] [INF] [75] Emby.Server.Implementations.Library.LibraryManager: Removing item, Type: "Season", Name: "Season Unknown", Path: "", Id: 04738c8e-0262-b8d6-bc13-a026dd6ce24a
[2024-10-12 12:45:39.827 +00:00] [INF] [76] Jellyfin.Drawing.ImageProcessor: Creating image collage and saving to "/config/cache/temp/1a4b97aaaba547dcba991e0f455fd39f.png"
[2024-10-12 12:45:41.303 +00:00] [INF] [76] Jellyfin.Drawing.ImageProcessor: Completed creation of image collage and saved to "/config/cache/temp/1a4b97aaaba547dcba991e0f455fd39f.png"
[2024-10-12 12:45:41.703 +00:00] [INF] [69] Jellyfin.Drawing.ImageProcessor: Creating image collage and saving to "/config/cache/temp/d91e8030a2ef472ab0af010d5633fde2.png"
[2024-10-12 12:45:43.175 +00:00] [INF] [69] Jellyfin.Drawing.ImageProcessor: Completed creation of image collage and saved to "/config/cache/temp/d91e8030a2ef472ab0af010d5633fde2.png"
[2024-10-12 12:45:43.278 +00:00] [INF] [73] Jellyfin.Drawing.ImageProcessor: Creating image collage and saving to "/config/cache/temp/841107c2454a43dd8dcb668d3464b239.png"
[2024-10-12 12:45:44.748 +00:00] [INF] [73] Jellyfin.Drawing.ImageProcessor: Completed creation of image collage and saved to "/config/cache/temp/841107c2454a43dd8dcb668d3464b239.png"
[2024-10-12 12:45:45.394 +00:00] [INF] [76] Emby.Server.Implementations.ScheduledTasks.TaskManager: "Scan Media Library" Completed after 0 minute(s) and 22 seconds
[2024-10-12 12:45:45.395 +00:00] [INF] [73] Emby.Server.Implementations.IO.LibraryMonitor: Watching directory "/tvseries"
[2024-10-12 12:45:45.396 +00:00] [INF] [75] Emby.Server.Implementations.IO.LibraryMonitor: Watching directory "/movies"
[2024-10-12 12:46:05.863 +00:00] [INF] [72] Jellyfin.Api.Helpers.MediaInfoHelper: User policy for "vimmy". EnablePlaybackRemuxing: True EnableVideoPlaybackTranscoding: True EnableAudioPlaybackTranscoding: True
[2024-10-12 12:46:07.595 +00:00] [INF] [76] Jellyfin.Api.Controllers.DynamicHlsController: Current HLS implementation doesn't support non-keyframe breaks but one is requested, ignoring that request
[2024-10-12 12:46:07.633 +00:00] [INF] [76] MediaBrowser.MediaEncoding.Transcoding.TranscodeManager: "/usr/lib/jellyfin-ffmpeg/ffmpeg" "-analyzeduration 200M -probesize 1G -f matroska -noautorotate -i file:\"/tvseries/From/Season 3/From - S03E01 - Shatter WEBDL-720p.mkv\" -map_metadata -1 -map_chapters -1 -threads 0 -map 0:0 -map 0:1 -map -0:s -codec:v:0 libx264 -preset veryfast -crf 23 -maxrate 4678488 -bufsize 9356976 -profile:v:0 high -level 51 -x264opts:0 subme=0:me_range=4:rc_lookahead=10:me=dia:no_chroma_me:8x8dct=0:partitions=none -force_key_frames:0 \"expr:gte(t,n_forced*3)\" -sc_threshold:v:0 0 -vf \"setparams=color_primaries=bt709:color_trc=bt709:colorspace=bt709,scale=trunc(min(max(iw\,ih*a)\,min(1280\,720*a))/2)*2:trunc(min(max(iw/a\,ih)\,min(1280/a\,720))/2)*2,format=yuv420p\" -codec:a:0 copy -copyts -avoid_negative_ts disabled -max_muxing_queue_size 2048 -f hls -max_delay 5000000 -hls_time 3 -hls_segment_type fmp4 -hls_fmp4_init_filename \"d61f0a5089e4af9cf0ec076c7a5bb828-1.mp4\" -start_number 0 -hls_segment_filename \"/config/cache/transcodes/d61f0a5089e4af9cf0ec076c7a5bb828%d.mp4\" -hls_playlist_type vod -hls_list_size 0 -y \"/config/cache/transcodes/d61f0a5089e4af9cf0ec076c7a5bb828.m3u8\""
[2024-10-12 12:46:15.086 +00:00] [INF] [75] MediaBrowser.MediaEncoding.Subtitles.SubtitleEncoder: "/usr/lib/jellyfin-ffmpeg/ffmpeg" "-i file:\"/tvseries/From/Season 3/From - S03E01 - Shatter WEBDL-720p.mkv\" -copyts -map 0:2 -an -vn -c:s copy \"/config/data/data/subtitles/1/1c6fafe7-cd68-29e2-f092-951469a26fd5.srt\""
[2024-10-12 12:46:33.322 +00:00] [INF] [69] MediaBrowser.MediaEncoding.Subtitles.SubtitleEncoder: ffmpeg subtitle extraction completed for "file:\"/tvseries/From/Season 3/From - S03E01 - Shatter WEBDL-720p.mkv\"" to "/config/data/data/subtitles/1/1c6fafe7-cd68-29e2-f092-951469a26fd5.srt"
[2024-10-12 12:48:06.132 +00:00] [INF] [12] MediaBrowser.Controller.MediaEncoding.TranscodingJob: Stopping ffmpeg process with q command for "/config/cache/transcodes/d61f0a5089e4af9cf0ec076c7a5bb828.m3u8"
[2024-10-12 12:48:06.734 +00:00] [INF] [12] MediaBrowser.MediaEncoding.Transcoding.TranscodeManager: FFmpeg exited with code 0
[2024-10-12 12:48:06.734 +00:00] [INF] [12] MediaBrowser.MediaEncoding.Transcoding.TranscodeManager: Deleting partial stream file(s) "/config/cache/transcodes/d61f0a5089e4af9cf0ec076c7a5bb828.m3u8"
[2024-10-12 12:48:08.258 +00:00] [INF] [12] Emby.Server.Implementations.Session.SessionManager: Playback stopped reported by app "Jellyfin Web" "10.9.11" playing "Shatter". Stopped at "100081" ms
[2024-10-12 13:14:07.739 +00:00] [INF] [12] Emby.Server.Implementations.IO.LibraryMonitor: "Season 3" ("/tvseries/From/Season 3") will be refreshed.
[2024-10-12 13:14:09.014 +00:00] [INF] [12] MediaBrowser.MediaEncoding.Encoder.MediaEncoder: Starting "/usr/lib/jellyfin-ffmpeg/ffprobe" with args "-analyzeduration 200M -probesize 1G -i file:\"/tvseries/From/Season 3/From - S03E03 - Mouse Trap WEBDL-1080p.mkv\" -threads 0 -v warning -print_format json -show_streams -show_chapters -show_format"
[2024-10-12 13:14:09.014 +00:00] [INF] [18] MediaBrowser.MediaEncoding.Encoder.MediaEncoder: Starting "/usr/lib/jellyfin-ffmpeg/ffprobe" with args "-analyzeduration 200M -probesize 1G -i file:\"/tvseries/From/Season 3/From - S03E02 - When We Go WEBDL-1080p.mkv\" -threads 0 -v warning -print_format json -show_streams -show_chapters -show_format"
[2024-10-12 13:14:34.219 +00:00] [INF] [58] Emby.Server.Implementations.ScheduledTasks.Tasks.OptimizeDatabaseTask: Optimizing and vacuuming jellyfin.db...
[2024-10-12 13:14:35.110 +00:00] [INF] [58] Emby.Server.Implementations.ScheduledTasks.Tasks.OptimizeDatabaseTask: jellyfin.db optimized successfully!
[2024-10-12 13:14:35.111 +00:00] [INF] [58] Emby.Server.Implementations.ScheduledTasks.TaskManager: "Optimize database" Completed after 0 minute(s) and 0 seconds
[2024-10-12 13:14:38.336 +00:00] [INF] [18] Jellyfin.LiveTv.Guide.GuideManager: Refreshing guide with 7 days of guide data
[2024-10-12 13:14:38.352 +00:00] [INF] [18] Emby.Server.Implementations.ScheduledTasks.TaskManager: "Refresh Guide" Completed after 0 minute(s) and 3 seconds
[2024-10-12 13:28:36.968 +00:00] [INF] [16] Emby.Server.Implementations.IO.LibraryMonitor: Stopping directory watching for path "/tvseries"
[2024-10-12 13:28:37.090 +00:00] [INF] [16] Emby.Server.Implementations.IO.LibraryMonitor: Stopping directory watching for path "/movies"
[2024-10-12 13:28:37.091 +00:00] [INF] [16] Emby.Server.Implementations.Library.LibraryManager: Validating media library
[2024-10-12 13:28:37.762 +00:00] [WRN] [16] MediaBrowser.Controller.Entities.BaseItem: Library folder "/config/data/data/playlists" is inaccessible or empty, skipping
[2024-10-12 13:28:38.731 +00:00] [INF] [40] Jellyfin.Drawing.ImageProcessor: Creating image collage and saving to "/config/cache/temp/2e4f6d48bd29406e86ef6ab60ecb434d.png"
[2024-10-12 13:28:40.370 +00:00] [INF] [40] Jellyfin.Drawing.ImageProcessor: Completed creation of image collage and saved to "/config/cache/temp/2e4f6d48bd29406e86ef6ab60ecb434d.png"
[2024-10-12 13:28:40.438 +00:00] [WRN] [71] MediaBrowser.Controller.Entities.BaseItem: Library folder "/config/data/data/playlists" is inaccessible or empty, skipping
[2024-10-12 13:28:40.678 +00:00] [INF] [71] MediaBrowser.MediaEncoding.Encoder.MediaEncoder: Starting "/usr/lib/jellyfin-ffmpeg/ffprobe" with args "-analyzeduration 200M -probesize 1G -i file:\"/movies/My Neighbor Totoro (1988)/My Neighbor Totoro (1988) Remux-1080p.mkv\" -threads 0 -v warning -print_format json -show_streams -show_chapters -show_format"
[2024-10-12 13:29:16.023 +00:00] [INF] [16] Jellyfin.Drawing.ImageProcessor: Creating image collage and saving to "/config/cache/temp/003e87b374554a3f86d856db64a10e4d.png"
[2024-10-12 13:29:17.446 +00:00] [INF] [16] Jellyfin.Drawing.ImageProcessor: Completed creation of image collage and saved to "/config/cache/temp/003e87b374554a3f86d856db64a10e4d.png"
[2024-10-12 13:29:17.693 +00:00] [INF] [73] Jellyfin.Drawing.ImageProcessor: Creating image collage and saving to "/config/cache/temp/b96a33844ca44c1aa222342fe168a44f.png"
[2024-10-12 13:29:19.504 +00:00] [INF] [73] Jellyfin.Drawing.ImageProcessor: Completed creation of image collage and saved to "/config/cache/temp/b96a33844ca44c1aa222342fe168a44f.png"
[2024-10-12 13:29:19.764 +00:00] [INF] [75] Jellyfin.Drawing.ImageProcessor: Creating image collage and saving to "/config/cache/temp/566cfa09dfaa4d91b07eba3a6798b20c.png"
[2024-10-12 13:29:21.433 +00:00] [INF] [75] Jellyfin.Drawing.ImageProcessor: Completed creation of image collage and saved to "/config/cache/temp/566cfa09dfaa4d91b07eba3a6798b20c.png"
[2024-10-12 13:29:24.760 +00:00] [INF] [16] Emby.Server.Implementations.ScheduledTasks.TaskManager: "Scan Media Library" Completed after 0 minute(s) and 47 seconds
[2024-10-12 13:29:24.779 +00:00] [INF] [75] Emby.Server.Implementations.IO.LibraryMonitor: Watching directory "/tvseries"
[2024-10-12 13:29:24.910 +00:00] [INF] [73] Emby.Server.Implementations.IO.LibraryMonitor: Watching directory "/movies"
[2024-10-12 13:35:43.448 +00:00] [INF] [51] Jellyfin.Api.Helpers.MediaInfoHelper: User policy for "vimmy". EnablePlaybackRemuxing: True EnableVideoPlaybackTranscoding: True EnableAudioPlaybackTranscoding: True
[2024-10-12 13:35:44.203 +00:00] [INF] [51] Jellyfin.Api.Controllers.DynamicHlsController: Current HLS implementation doesn't support non-keyframe breaks but one is requested, ignoring that request
[2024-10-12 13:35:44.207 +00:00] [INF] [51] MediaBrowser.MediaEncoding.Transcoding.TranscodeManager: "/usr/lib/jellyfin-ffmpeg/ffmpeg" "-analyzeduration 200M -probesize 1G -fflags +genpts -f matroska  -i file:\"/tvseries/From/Season 3/From - S03E02 - When We Go WEBDL-1080p.mkv\" -map_metadata -1 -map_chapters -1 -threads 0 -map 0:0 -map 0:1 -map -0:s -codec:v:0 copy -bsf:v h264_mp4toannexb -start_at_zero -codec:a:0 libfdk_aac -ac 2 -ab 256000 -af \"volume=2\" -copyts -avoid_negative_ts disabled -max_muxing_queue_size 2048 -f hls -max_delay 5000000 -hls_time 6 -hls_segment_type fmp4 -hls_fmp4_init_filename \"d79f84f041538c4abc2562f4a2d3b3eb-1.mp4\" -start_number 0 -hls_segment_filename \"/config/cache/transcodes/d79f84f041538c4abc2562f4a2d3b3eb%d.mp4\" -hls_playlist_type vod -hls_list_size 0 -y \"/config/cache/transcodes/d79f84f041538c4abc2562f4a2d3b3eb.m3u8\""
[2024-10-12 13:35:58.901 +00:00] [INF] [70] MediaBrowser.Controller.MediaEncoding.TranscodingJob: Stopping ffmpeg process with q command for "/config/cache/transcodes/d79f84f041538c4abc2562f4a2d3b3eb.m3u8"
[2024-10-12 13:35:59.276 +00:00] [INF] [70] MediaBrowser.MediaEncoding.Transcoding.TranscodeManager: FFmpeg exited with code 0
[2024-10-12 13:35:59.276 +00:00] [INF] [70] MediaBrowser.MediaEncoding.Transcoding.TranscodeManager: Deleting partial stream file(s) "/config/cache/transcodes/d79f84f041538c4abc2562f4a2d3b3eb.m3u8"
[2024-10-12 13:36:01.096 +00:00] [INF] [70] Emby.Server.Implementations.Session.SessionManager: Playback stopped reported by app "Jellyfin Web" "10.9.11" playing "When We Go". Stopped at "7505" ms
[2024-10-12 13:37:20.280 +00:00] [INF] [56] Emby.Server.Implementations.IO.LibraryMonitor: "My Neighbor Totoro" ("/movies/My Neighbor Totoro (1988)/My Neighbor Totoro (1988) Remux-1080p.mkv") will be refreshed.
[2024-10-12 13:37:20.296 +00:00] [INF] [47] MediaBrowser.MediaEncoding.Encoder.MediaEncoder: Starting "/usr/lib/jellyfin-ffmpeg/ffprobe" with args "-analyzeduration 200M -probesize 1G -i file:\"/movies/My Neighbor Totoro (1988)/My Neighbor Totoro (1988) Remux-1080p.mkv\" -threads 0 -v warning -print_format json -show_streams -show_chapters -show_format"
[2024-10-12 15:01:16.186 +00:00] [INF] [1] Main: Jellyfin version: "10.9.11"
[2024-10-12 15:01:16.289 +00:00] [INF] [1] Main: Environment Variables: ["[JELLYFIN_CACHE_DIR, /config/cache]", "[JELLYFIN_LOG_DIR, /config/log]", "[JELLYFIN_DATA_DIR, /config/data]", "[JELLYFIN_CONFIG_DIR, /config]", "[JELLYFIN_WEB_DIR, /usr/share/jellyfin/web]"]
[2024-10-12 15:01:16.297 +00:00] [INF] [1] Main: Arguments: ["/usr/lib/jellyfin/bin/jellyfin.dll", "--ffmpeg=/usr/lib/jellyfin-ffmpeg/ffmpeg"]
[2024-10-12 15:01:16.312 +00:00] [INF] [1] Main: Operating system: "Ubuntu 22.04.5 LTS"
[2024-10-12 15:01:16.314 +00:00] [INF] [1] Main: Architecture: Arm64
[2024-10-12 15:01:16.320 +00:00] [INF] [1] Main: 64-Bit Process: True
[2024-10-12 15:01:16.320 +00:00] [INF] [1] Main: User Interactive: True
[2024-10-12 15:01:16.320 +00:00] [INF] [1] Main: Processor count: 4
[2024-10-12 15:01:16.321 +00:00] [INF] [1] Main: Program data path: "/config/data"
[2024-10-12 15:01:16.321 +00:00] [INF] [1] Main: Log directory path: "/config/log"
[2024-10-12 15:01:16.321 +00:00] [INF] [1] Main: Config directory path: "/config"
[2024-10-12 15:01:16.322 +00:00] [INF] [1] Main: Cache path: "/config/cache"
[2024-10-12 15:01:16.322 +00:00] [INF] [1] Main: Web resources path: "/usr/share/jellyfin/web"
[2024-10-12 15:01:16.323 +00:00] [INF] [1] Main: Application directory: "/usr/lib/jellyfin/bin/"
[2024-10-12 15:01:17.273 +00:00] [INF] [1] Emby.Server.Implementations.AppBase.BaseConfigurationManager: Setting cache path: "/config/cache"
[2024-10-12 15:01:17.653 +00:00] [INF] [1] Emby.Server.Implementations.ApplicationHost: Loading assemblies
[2024-10-12 15:01:18.056 +00:00] [INF] [1] Jellyfin.Networking.Manager.NetworkManager: Defined LAN subnets: ["127.0.0.1/8", "10.0.0.0/8", "172.16.0.0/12", "192.168.0.0/16"]
[2024-10-12 15:01:18.056 +00:00] [INF] [1] Jellyfin.Networking.Manager.NetworkManager: Defined LAN exclusions: []
[2024-10-12 15:01:18.058 +00:00] [INF] [1] Jellyfin.Networking.Manager.NetworkManager: Used LAN subnets: ["127.0.0.1/8", "10.0.0.0/8", "172.16.0.0/12", "192.168.0.0/16"]
[2024-10-12 15:01:18.062 +00:00] [INF] [1] Jellyfin.Networking.Manager.NetworkManager: Filtered interface addresses: ["127.0.0.1", "172.19.0.2"]
[2024-10-12 15:01:18.065 +00:00] [INF] [1] Jellyfin.Networking.Manager.NetworkManager: Bind Addresses ["0.0.0.0"]
[2024-10-12 15:01:18.065 +00:00] [INF] [1] Jellyfin.Networking.Manager.NetworkManager: Remote IP filter is "Allowlist"
[2024-10-12 15:01:18.066 +00:00] [INF] [1] Jellyfin.Networking.Manager.NetworkManager: Filtered subnets: []
[2024-10-12 15:01:25.796 +00:00] [INF] [1] Emby.Server.Implementations.Plugins.PluginManager: Loaded plugin: "TMDb" "10.9.11.0"
[2024-10-12 15:01:25.800 +00:00] [INF] [1] Emby.Server.Implementations.Plugins.PluginManager: Loaded plugin: "Studio Images" "10.9.11.0"
[2024-10-12 15:01:25.803 +00:00] [INF] [1] Emby.Server.Implementations.Plugins.PluginManager: Loaded plugin: "OMDb" "10.9.11.0"
[2024-10-12 15:01:25.893 +00:00] [INF] [1] Emby.Server.Implementations.Plugins.PluginManager: Loaded plugin: "MusicBrainz" "10.9.11.0"
[2024-10-12 15:01:25.895 +00:00] [INF] [1] Emby.Server.Implementations.Plugins.PluginManager: Loaded plugin: "AudioDB" "10.9.11.0"
[2024-10-12 15:01:26.413 +00:00] [INF] [1] Main: Kestrel is listening on "0.0.0.0"
[2024-10-12 15:01:26.540 +00:00] [WRN] [1] Microsoft.AspNetCore.DataProtection.KeyManagement.XmlKeyManager: No XML encryptor configured. Key {f03a2d99-1ef5-45dc-ad93-a4b1b2e41e4d} may be persisted to storage in unencrypted form.
[2024-10-12 15:01:29.461 +00:00] [WRN] [1] Microsoft.AspNetCore.StaticFiles.StaticFileMiddleware: The WebRootPath was not found: "/run/s6-rc:s6-rc-init:PhGdmo/servicedirs/service-jellyfin/wwwroot". Static files may be unavailable.
[2024-10-12 15:01:29.656 +00:00] [INF] [1] Emby.Server.Implementations.ApplicationHost: Running startup tasks
[2024-10-12 15:01:29.660 +00:00] [INF] [10] Emby.Server.Implementations.IO.LibraryMonitor: Watching directory "/movies"
[2024-10-12 15:01:29.660 +00:00] [INF] [8] Emby.Server.Implementations.IO.LibraryMonitor: Watching directory "/tvseries"
[2024-10-12 15:01:29.718 +00:00] [INF] [1] Emby.Server.Implementations.ScheduledTasks.TaskManager: Daily trigger for "Generate Trickplay Images" set to fire at 2024-10-13 03:00:00.000 +00:00, which is 11:58:30.2816946 from now.
[2024-10-12 15:01:29.762 +00:00] [INF] [1] Emby.Server.Implementations.ScheduledTasks.TaskManager: Daily trigger for "Extract Chapter Images" set to fire at 2024-10-13 02:00:00.000 +00:00, which is 10:58:30.2373646 from now.
[2024-10-12 15:01:30.450 +00:00] [INF] [1] MediaBrowser.MediaEncoding.Encoder.MediaEncoder: Found ffmpeg version "6.0.1"
[2024-10-12 15:01:30.728 +00:00] [INF] [1] MediaBrowser.MediaEncoding.Encoder.MediaEncoder: Available "decoders": ["libdav1d", "av1", "av1_rkmpp", "h264", "h264_rkmpp", "hevc", "hevc_rkmpp", "mpeg1_rkmpp", "mpeg2video", "mpeg2_rkmpp", "mpeg4", "mpeg4_rkmpp", "msmpeg4", "vp8", "vp8_rkmpp", "libvpx", "vp9", "vp9_rkmpp", "libvpx-vp9", "aac", "ac3", "dca", "flac", "mp3", "truehd"]
[2024-10-12 15:01:30.785 +00:00] [INF] [1] MediaBrowser.MediaEncoding.Encoder.MediaEncoder: Available "encoders": ["libsvtav1", "libx264", "h264_v4l2m2m", "h264_rkmpp", "libx265", "hevc_rkmpp", "mpeg4", "msmpeg4", "libvpx", "libvpx-vp9", "aac", "libfdk_aac", "ac3", "alac", "dca", "flac", "libmp3lame", "libopus", "truehd", "libvorbis", "srt"]
[2024-10-12 15:01:30.857 +00:00] [INF] [1] MediaBrowser.MediaEncoding.Encoder.MediaEncoder: Available filters: ["overlay_opencl", "overlay_rkrga", "scale_opencl", "scale_rkrga", "tonemap_opencl", "vpp_rkrga", "zscale", "alphasrc"]
[2024-10-12 15:01:30.907 +00:00] [WRN] [1] MediaBrowser.MediaEncoding.Encoder.MediaEncoder: Filter: "scale_cuda" with option "Output format (default \"same\")" is not available
[2024-10-12 15:01:30.961 +00:00] [WRN] [1] MediaBrowser.MediaEncoding.Encoder.MediaEncoder: Filter: "tonemap_cuda" with option "GPU accelerated HDR to SDR tonemapping" is not available
[2024-10-12 15:01:31.104 +00:00] [WRN] [1] MediaBrowser.MediaEncoding.Encoder.MediaEncoder: Filter: "overlay_vaapi" with option "Action to take when encountering EOF from secondary input" is not available
[2024-10-12 15:01:31.144 +00:00] [WRN] [1] MediaBrowser.MediaEncoding.Encoder.MediaEncoder: Filter: "overlay_vulkan" with option "Action to take when encountering EOF from secondary input" is not available
[2024-10-12 15:01:31.188 +00:00] [INF] [1] MediaBrowser.MediaEncoding.Encoder.MediaEncoder: Available hwaccel types: ["drm", "opencl", "rkmpp"]
[2024-10-12 15:01:32.084 +00:00] [INF] [1] MediaBrowser.MediaEncoding.Encoder.MediaEncoder: FFmpeg: "/usr/lib/jellyfin-ffmpeg/ffmpeg"
[2024-10-12 15:01:32.089 +00:00] [INF] [1] Emby.Server.Implementations.ApplicationHost: ServerId: "fc62a21e7f70454684f85af98d3b33f8"
[2024-10-12 15:01:32.089 +00:00] [INF] [1] Emby.Server.Implementations.ApplicationHost: Core startup complete
[2024-10-12 15:01:32.091 +00:00] [INF] [1] Main: Startup complete 0:00:16.906368
[2024-10-12 15:01:32.834 +00:00] [INF] [11] Emby.Server.Implementations.ScheduledTasks.TaskManager: "Clean up collections and playlists" Completed after 0 minute(s) and 0 seconds
[2024-10-12 15:01:35.657 +00:00] [INF] [18] Emby.Server.Implementations.ScheduledTasks.TaskManager: "Update Plugins" Completed after 0 minute(s) and 2 seconds
[2024-10-12 15:01:41.600 +00:00] [INF] [11] Emby.Server.Implementations.HttpServer.WebSocketManager: WS "192.168.0.35" request
[2024-10-12 15:02:02.395 +00:00] [INF] [8] Jellyfin.Api.Helpers.MediaInfoHelper: User policy for "vimmy". EnablePlaybackRemuxing: True EnableVideoPlaybackTranscoding: True EnableAudioPlaybackTranscoding: True
[2024-10-12 15:02:04.712 +00:00] [INF] [21] Jellyfin.Api.Controllers.DynamicHlsController: Current HLS implementation doesn't support non-keyframe breaks but one is requested, ignoring that request
[2024-10-12 15:02:04.766 +00:00] [INF] [21] MediaBrowser.MediaEncoding.Transcoding.TranscodeManager: "/usr/lib/jellyfin-ffmpeg/ffmpeg" "-analyzeduration 200M -probesize 1G -fflags +genpts -f matroska  -i file:\"/movies/Furiosa A Mad Max Saga (2024)/Furiosa A Mad Max Saga (2024) WEBRip-720p.mkv\" -map_metadata -1 -map_chapters -1 -threads 0 -map 0:0 -map 0:1 -map -0:s -codec:v:0 copy -bsf:v h264_mp4toannexb -start_at_zero -codec:a:0 copy -copyts -avoid_negative_ts disabled -max_muxing_queue_size 2048 -f hls -max_delay 5000000 -hls_time 6 -hls_segment_type fmp4 -hls_fmp4_init_filename \"ddb192d57fc44fa5e1c3ae5bfec47e99-1.mp4\" -start_number 0 -hls_segment_filename \"/config/cache/transcodes/ddb192d57fc44fa5e1c3ae5bfec47e99%d.mp4\" -hls_playlist_type vod -hls_list_size 0 -y \"/config/cache/transcodes/ddb192d57fc44fa5e1c3ae5bfec47e99.m3u8\""
[2024-10-12 15:03:05.588 +00:00] [INF] [21] MediaBrowser.Controller.MediaEncoding.TranscodingJob: Stopping ffmpeg process with q command for "/config/cache/transcodes/ddb192d57fc44fa5e1c3ae5bfec47e99.m3u8"
[2024-10-12 15:03:05.661 +00:00] [INF] [21] MediaBrowser.MediaEncoding.Transcoding.TranscodeManager: FFmpeg exited with code 0
[2024-10-12 15:03:05.667 +00:00] [INF] [21] MediaBrowser.MediaEncoding.Transcoding.TranscodeManager: Deleting partial stream file(s) "/config/cache/transcodes/ddb192d57fc44fa5e1c3ae5bfec47e99.m3u8"
[2024-10-12 15:03:05.694 +00:00] [INF] [18] Emby.Server.Implementations.HttpServer.WebSocketManager: WS "192.168.0.35" closed
[2024-10-12 15:03:07.653 +00:00] [INF] [18] Emby.Server.Implementations.Session.SessionManager: Playback stopped reported by app "Jellyfin Web" "10.9.11" playing "Furiosa: A Mad Max Saga". Stopped at "59549" ms
